Determining if the Q_WS_WIN exist failed with the following output:
Change Dir: /home/paul/Documents/volcanobot/ui/build/CMakeFiles/CMakeTmp

Run Build Command:"/usr/bin/make" "cmTC_a77bb/fast"
/usr/bin/make -f CMakeFiles/cmTC_a77bb.dir/build.make CMakeFiles/cmTC_a77bb.dir/build
make[1]: Entering directory `/home/paul/Documents/volcanobot/ui/build/CMakeFiles/CMakeTmp'
Building CXX object CMakeFiles/cmTC_a77bb.dir/CheckSymbolExists.cxx.o
/usr/bin/c++    -I/usr/include/qt4   -o CMakeFiles/cmTC_a77bb.dir/CheckSymbolExists.cxx.o -c /home/paul/Documents/volcanobot/ui/build/CMakeFiles/CMakeTmp/CheckSymbolExists.cxx
/home/paul/Documents/volcanobot/ui/build/CMakeFiles/CMakeTmp/CheckSymbolExists.cxx: In function ‘int main(int, char**)’:
/home/paul/Documents/volcanobot/ui/build/CMakeFiles/CMakeTmp/CheckSymbolExists.cxx:8:19: error: ‘Q_WS_WIN’ was not declared in this scope
   return ((int*)(&Q_WS_WIN))[argc];
                   ^
make[1]: Leaving directory `/home/paul/Documents/volcanobot/ui/build/CMakeFiles/CMakeTmp'
make[1]: *** [CMakeFiles/cmTC_a77bb.dir/CheckSymbolExists.cxx.o] Error 1
make: *** [cmTC_a77bb/fast] Error 2

File /home/paul/Documents/volcanobot/ui/build/CMakeFiles/CMakeTmp/CheckSymbolExists.cxx:
/* */
#include <QtCore/qglobal.h>

int main(int argc, char** argv)
{
  (void)argv;
#ifndef Q_WS_WIN
  return ((int*)(&Q_WS_WIN))[argc];
#else
  (void)argc;
  return 0;
#endif
}

Determining if the Q_WS_QWS exist failed with the following output:
Change Dir: /home/paul/Documents/volcanobot/ui/build/CMakeFiles/CMakeTmp

Run Build Command:"/usr/bin/make" "cmTC_3492c/fast"
/usr/bin/make -f CMakeFiles/cmTC_3492c.dir/build.make CMakeFiles/cmTC_3492c.dir/build
make[1]: Entering directory `/home/paul/Documents/volcanobot/ui/build/CMakeFiles/CMakeTmp'
Building CXX object CMakeFiles/cmTC_3492c.dir/CheckSymbolExists.cxx.o
/usr/bin/c++    -I/usr/include/qt4   -o CMakeFiles/cmTC_3492c.dir/CheckSymbolExists.cxx.o -c /home/paul/Documents/volcanobot/ui/build/CMakeFiles/CMakeTmp/CheckSymbolExists.cxx
/home/paul/Documents/volcanobot/ui/build/CMakeFiles/CMakeTmp/CheckSymbolExists.cxx: In function ‘int main(int, char**)’:
/home/paul/Documents/volcanobot/ui/build/CMakeFiles/CMakeTmp/CheckSymbolExists.cxx:8:19: error: ‘Q_WS_QWS’ was not declared in this scope
   return ((int*)(&Q_WS_QWS))[argc];
                   ^
make[1]: Leaving directory `/home/paul/Documents/volcanobot/ui/build/CMakeFiles/CMakeTmp'
make[1]: *** [CMakeFiles/cmTC_3492c.dir/CheckSymbolExists.cxx.o] Error 1
make: *** [cmTC_3492c/fast] Error 2

File /home/paul/Documents/volcanobot/ui/build/CMakeFiles/CMakeTmp/CheckSymbolExists.cxx:
/* */
#include <QtCore/qglobal.h>

int main(int argc, char** argv)
{
  (void)argv;
#ifndef Q_WS_QWS
  return ((int*)(&Q_WS_QWS))[argc];
#else
  (void)argc;
  return 0;
#endif
}

Determining if the Q_WS_MAC exist failed with the following output:
Change Dir: /home/paul/Documents/volcanobot/ui/build/CMakeFiles/CMakeTmp

Run Build Command:"/usr/bin/make" "cmTC_f4e5c/fast"
/usr/bin/make -f CMakeFiles/cmTC_f4e5c.dir/build.make CMakeFiles/cmTC_f4e5c.dir/build
make[1]: Entering directory `/home/paul/Documents/volcanobot/ui/build/CMakeFiles/CMakeTmp'
Building CXX object CMakeFiles/cmTC_f4e5c.dir/CheckSymbolExists.cxx.o
/usr/bin/c++    -I/usr/include/qt4   -o CMakeFiles/cmTC_f4e5c.dir/CheckSymbolExists.cxx.o -c /home/paul/Documents/volcanobot/ui/build/CMakeFiles/CMakeTmp/CheckSymbolExists.cxx
/home/paul/Documents/volcanobot/ui/build/CMakeFiles/CMakeTmp/CheckSymbolExists.cxx: In function ‘int main(int, char**)’:
/home/paul/Documents/volcanobot/ui/build/CMakeFiles/CMakeTmp/CheckSymbolExists.cxx:8:19: error: ‘Q_WS_MAC’ was not declared in this scope
   return ((int*)(&Q_WS_MAC))[argc];
                   ^
make[1]: Leaving directory `/home/paul/Documents/volcanobot/ui/build/CMakeFiles/CMakeTmp'
make[1]: *** [CMakeFiles/cmTC_f4e5c.dir/CheckSymbolExists.cxx.o] Error 1
make: *** [cmTC_f4e5c/fast] Error 2

File /home/paul/Documents/volcanobot/ui/build/CMakeFiles/CMakeTmp/CheckSymbolExists.cxx:
/* */
#include <QtCore/qglobal.h>

int main(int argc, char** argv)
{
  (void)argv;
#ifndef Q_WS_MAC
  return ((int*)(&Q_WS_MAC))[argc];
#else
  (void)argc;
  return 0;
#endif
}

