Determining if the Q_WS_WIN exist failed with the following output:
Change Dir: /home/paul/Documents/volcanobot/build/CMakeFiles/CMakeTmp

Run Build Command:"/usr/bin/make" "cmTC_e525b/fast"
/usr/bin/make -f CMakeFiles/cmTC_e525b.dir/build.make CMakeFiles/cmTC_e525b.dir/build
make[1]: Entering directory `/home/paul/Documents/volcanobot/build/CMakeFiles/CMakeTmp'
Building CXX object CMakeFiles/cmTC_e525b.dir/CheckSymbolExists.cxx.o
/usr/bin/c++    -I/usr/include/qt4   -o CMakeFiles/cmTC_e525b.dir/CheckSymbolExists.cxx.o -c /home/paul/Documents/volcanobot/build/CMakeFiles/CMakeTmp/CheckSymbolExists.cxx
/home/paul/Documents/volcanobot/build/CMakeFiles/CMakeTmp/CheckSymbolExists.cxx: In function ‘int main(int, char**)’:
/home/paul/Documents/volcanobot/build/CMakeFiles/CMakeTmp/CheckSymbolExists.cxx:8:19: error: ‘Q_WS_WIN’ was not declared in this scope
   return ((int*)(&Q_WS_WIN))[argc];
                   ^
make[1]: Leaving directory `/home/paul/Documents/volcanobot/build/CMakeFiles/CMakeTmp'
make[1]: *** [CMakeFiles/cmTC_e525b.dir/CheckSymbolExists.cxx.o] Error 1
make: *** [cmTC_e525b/fast] Error 2

File /home/paul/Documents/volcanobot/build/CMakeFiles/CMakeTmp/CheckSymbolExists.cxx:
/* */
#include <QtCore/qglobal.h>

int main(int argc, char** argv)
{
  (void)argv;
#ifndef Q_WS_WIN
  return ((int*)(&Q_WS_WIN))[argc];
#else
  (void)argc;
  return 0;
#endif
}

Determining if the Q_WS_QWS exist failed with the following output:
Change Dir: /home/paul/Documents/volcanobot/build/CMakeFiles/CMakeTmp

Run Build Command:"/usr/bin/make" "cmTC_17cd0/fast"
/usr/bin/make -f CMakeFiles/cmTC_17cd0.dir/build.make CMakeFiles/cmTC_17cd0.dir/build
make[1]: Entering directory `/home/paul/Documents/volcanobot/build/CMakeFiles/CMakeTmp'
Building CXX object CMakeFiles/cmTC_17cd0.dir/CheckSymbolExists.cxx.o
/usr/bin/c++    -I/usr/include/qt4   -o CMakeFiles/cmTC_17cd0.dir/CheckSymbolExists.cxx.o -c /home/paul/Documents/volcanobot/build/CMakeFiles/CMakeTmp/CheckSymbolExists.cxx
/home/paul/Documents/volcanobot/build/CMakeFiles/CMakeTmp/CheckSymbolExists.cxx: In function ‘int main(int, char**)’:
/home/paul/Documents/volcanobot/build/CMakeFiles/CMakeTmp/CheckSymbolExists.cxx:8:19: error: ‘Q_WS_QWS’ was not declared in this scope
   return ((int*)(&Q_WS_QWS))[argc];
                   ^
make[1]: Leaving directory `/home/paul/Documents/volcanobot/build/CMakeFiles/CMakeTmp'
make[1]: *** [CMakeFiles/cmTC_17cd0.dir/CheckSymbolExists.cxx.o] Error 1
make: *** [cmTC_17cd0/fast] Error 2

File /home/paul/Documents/volcanobot/build/CMakeFiles/CMakeTmp/CheckSymbolExists.cxx:
/* */
#include <QtCore/qglobal.h>

int main(int argc, char** argv)
{
  (void)argv;
#ifndef Q_WS_QWS
  return ((int*)(&Q_WS_QWS))[argc];
#else
  (void)argc;
  return 0;
#endif
}

Determining if the Q_WS_MAC exist failed with the following output:
Change Dir: /home/paul/Documents/volcanobot/build/CMakeFiles/CMakeTmp

Run Build Command:"/usr/bin/make" "cmTC_f1215/fast"
/usr/bin/make -f CMakeFiles/cmTC_f1215.dir/build.make CMakeFiles/cmTC_f1215.dir/build
make[1]: Entering directory `/home/paul/Documents/volcanobot/build/CMakeFiles/CMakeTmp'
Building CXX object CMakeFiles/cmTC_f1215.dir/CheckSymbolExists.cxx.o
/usr/bin/c++    -I/usr/include/qt4   -o CMakeFiles/cmTC_f1215.dir/CheckSymbolExists.cxx.o -c /home/paul/Documents/volcanobot/build/CMakeFiles/CMakeTmp/CheckSymbolExists.cxx
/home/paul/Documents/volcanobot/build/CMakeFiles/CMakeTmp/CheckSymbolExists.cxx: In function ‘int main(int, char**)’:
/home/paul/Documents/volcanobot/build/CMakeFiles/CMakeTmp/CheckSymbolExists.cxx:8:19: error: ‘Q_WS_MAC’ was not declared in this scope
   return ((int*)(&Q_WS_MAC))[argc];
                   ^
make[1]: *** [CMakeFiles/cmTC_f1215.dir/CheckSymbolExists.cxx.o] Error 1
make[1]: Leaving directory `/home/paul/Documents/volcanobot/build/CMakeFiles/CMakeTmp'
make: *** [cmTC_f1215/fast] Error 2

File /home/paul/Documents/volcanobot/build/CMakeFiles/CMakeTmp/CheckSymbolExists.cxx:
/* */
#include <QtCore/qglobal.h>

int main(int argc, char** argv)
{
  (void)argv;
#ifndef Q_WS_MAC
  return ((int*)(&Q_WS_MAC))[argc];
#else
  (void)argc;
  return 0;
#endif
}

